
> ai-visibility-engine@1.0.0 build
> vite build

[36mvite v7.3.1 [32mbuilding client environment for production...[36m[39m
transforming...
[32m✓[39m 3134 modules transformed.
rendering chunks...
computing gzip size...
[2mdist/[22m[32mindex.html                                 [39m[1m[2m 36.51 kB[22m[1m[22m[2m │ gzip:   9.11 kB[22m
[2mdist/[22m[35massets/index-C96yGDH7.css                  [39m[1m[2m 75.22 kB[22m[1m[22m[2m │ gzip:  13.54 kB[22m
[2mdist/[22m[36massets/seoSchema-D6YLcJby.js               [39m[1m[2m  1.11 kB[22m[1m[22m[2m │ gzip:   0.48 kB[22m[2m │ map:     4.12 kB[22m
[2mdist/[22m[36massets/insights-DGzp5ZL9.js                [39m[1m[2m  2.39 kB[22m[1m[22m[2m │ gzip:   1.06 kB[22m[2m │ map:     4.64 kB[22m
[2mdist/[22m[36massets/state-B6xXzm4v.js                   [39m[1m[2m  2.73 kB[22m[1m[22m[2m │ gzip:   1.37 kB[22m[2m │ map:    23.73 kB[22m
[2mdist/[22m[36massets/ResetPassword-3OE0OdIv.js           [39m[1m[2m  3.33 kB[22m[1m[22m[2m │ gzip:   1.30 kB[22m[2m │ map:     7.98 kB[22m
[2mdist/[22m[36massets/InsightsPage-DhuMdSPC.js            [39m[1m[2m  3.46 kB[22m[1m[22m[2m │ gzip:   1.38 kB[22m[2m │ map:     6.32 kB[22m
[2mdist/[22m[36massets/GeoAIRanking2026-DQ9_FENO.js        [39m[1m[2m  3.57 kB[22m[1m[22m[2m │ gzip:   1.39 kB[22m[2m │ map:     6.65 kB[22m
[2mdist/[22m[36massets/AEOPlaybook2026-C68XxfxF.js         [39m[1m[2m  4.01 kB[22m[1m[22m[2m │ gzip:   1.53 kB[22m[2m │ map:     7.27 kB[22m
[2mdist/[22m[36massets/PublicReportPage-DJX8irwp.js        [39m[1m[2m  7.57 kB[22m[1m[22m[2m │ gzip:   2.68 kB[22m[2m │ map:    19.12 kB[22m
[2mdist/[22m[36massets/AISearchVisibility2026-BMBti1d5.js  [39m[1m[2m  8.18 kB[22m[1m[22m[2m │ gzip:   2.74 kB[22m[2m │ map:    13.29 kB[22m
[2mdist/[22m[36massets/WhyAIVisibility-C5lVPJCv.js         [39m[1m[2m 14.45 kB[22m[1m[22m[2m │ gzip:   4.32 kB[22m[2m │ map:    27.99 kB[22m
[2mdist/[22m[36massets/HelpCenter-B_cEfOjt.js              [39m[1m[2m 14.46 kB[22m[1m[22m[2m │ gzip:   5.75 kB[22m[2m │ map:    28.38 kB[22m
[2mdist/[22m[36massets/Landing-CtokQFQa.js                 [39m[1m[2m 23.10 kB[22m[1m[22m[2m │ gzip:   6.64 kB[22m[2m │ map:    45.13 kB[22m
[2mdist/[22m[36massets/icons-BbaDOfOD.js                   [39m[1m[2m 23.66 kB[22m[1m[22m[2m │ gzip:   8.10 kB[22m[2m │ map:   100.68 kB[22m
[2mdist/[22m[36massets/router-08GeAnWZ.js                  [39m[1m[2m 37.24 kB[22m[1m[22m[2m │ gzip:  13.44 kB[22m[2m │ map:   427.32 kB[22m
[2mdist/[22m[36massets/chart-deps-FnqfE8oZ.js              [39m[1m[2m 62.62 kB[22m[1m[22m[2m │ gzip:  20.70 kB[22m[2m │ map:   264.69 kB[22m
[2mdist/[22m[36massets/react-dom-Ds1B3Nhl.js               [39m[1m[2m180.47 kB[22m[1m[22m[2m │ gzip:  56.34 kB[22m[2m │ map:   861.16 kB[22m
[2mdist/[22m[36massets/recharts-BaMWeirF.js                [39m[1m[2m231.39 kB[22m[1m[22m[2m │ gzip:  60.11 kB[22m[2m │ map: 1,116.74 kB[22m
[2mdist/[22m[36massets/vendor-DNjpNFHG.js                  [39m[1m[2m309.22 kB[22m[1m[22m[2m │ gzip: 104.69 kB[22m[2m │ map: 1,863.12 kB[22m
[2mdist/[22m[36massets/index--0Qmq88Q.js                   [39m[1m[2m463.67 kB[22m[1m[22m[2m │ gzip: 113.21 kB[22m[2m │ map: 1,091.67 kB[22m
[32m✓ built in 26.66s[39m
